[debug] [2026-04-07T13:33:56.406Z] ----------------------------------------------------------------------
[debug] [2026-04-07T13:33:56.408Z] Command:       /Users/ffeliciano/.nvm/versions/node/v24.11.1/bin/node /Users/ffeliciano/.npm/_npx/7750544ccf494d8b/node_modules/.bin/firebase deploy --only functions --project mahjong-club-da606
[debug] [2026-04-07T13:33:56.409Z] CLI Version:   15.13.0
[debug] [2026-04-07T13:33:56.409Z] Platform:      darwin
[debug] [2026-04-07T13:33:56.409Z] Node Version:  v24.11.1
[debug] [2026-04-07T13:33:56.409Z] Time:          Tue Apr 07 2026 08:33:56 GMT-0500 (Central Daylight Time)
[debug] [2026-04-07T13:33:56.409Z] ----------------------------------------------------------------------
[debug] 
[debug] [2026-04-07T13:33:58.497Z] > command requires scopes: ["email","openid","https://www.googleapis.com/auth/cloudplatformprojects.readonly","https://www.googleapis.com/auth/firebase","https://www.googleapis.com/auth/cloud-platform"]
[debug] [2026-04-07T13:33:58.497Z] > authorizing via signed-in user (ffeliciano@nexfel.com)
[debug] [2026-04-07T13:33:58.497Z] [iam] checking project mahjong-club-da606 for permissions ["cloudfunctions.functions.create","cloudfunctions.functions.delete","cloudfunctions.functions.get","cloudfunctions.functions.list","cloudfunctions.functions.update","cloudfunctions.operations.get","firebase.projects.get"]
[debug] [2026-04-07T13:33:58.498Z] Checked if tokens are valid: false, expires at: 1775525293547
[debug] [2026-04-07T13:33:58.498Z] Checked if tokens are valid: false, expires at: 1775525293547
[debug] [2026-04-07T13:33:58.499Z] > refreshing access token with scopes: []
[debug] [2026-04-07T13:33:58.502Z] >>> [apiv2][query] POST https://www.googleapis.com/oauth2/v3/token [none]
[debug] [2026-04-07T13:33:58.502Z] >>> [apiv2][body] POST https://www.googleapis.com/oauth2/v3/token [omitted]
[debug] [2026-04-07T13:33:58.674Z] <<< [apiv2][status] POST https://www.googleapis.com/oauth2/v3/token 200
[debug] [2026-04-07T13:33:58.674Z] <<< [apiv2][body] POST https://www.googleapis.com/oauth2/v3/token [omitted]
[debug] [2026-04-07T13:33:58.723Z] >>> [apiv2][query] POST https://cloudresourcemanager.googleapis.com/v1/projects/mahjong-club-da606:testIamPermissions [none]
[debug] [2026-04-07T13:33:58.723Z] >>> [apiv2][(partial)header] POST https://cloudresourcemanager.googleapis.com/v1/projects/mahjong-club-da606:testIamPermissions  x-goog-user-project=mahjong-club-da606
[debug] [2026-04-07T13:33:58.723Z] >>> [apiv2][body] POST https://cloudresourcemanager.googleapis.com/v1/projects/mahjong-club-da606:testIamPermissions {"permissions":["cloudfunctions.functions.create","cloudfunctions.functions.delete","cloudfunctions.functions.get","cloudfunctions.functions.list","cloudfunctions.functions.update","cloudfunctions.operations.get","firebase.projects.get"]}
[debug] [2026-04-07T13:33:58.928Z] <<< [apiv2][status] POST https://cloudresourcemanager.googleapis.com/v1/projects/mahjong-club-da606:testIamPermissions 200
[debug] [2026-04-07T13:33:58.928Z] <<< [apiv2][body] POST https://cloudresourcemanager.googleapis.com/v1/projects/mahjong-club-da606:testIamPermissions {"permissions":["cloudfunctions.functions.create","cloudfunctions.functions.delete","cloudfunctions.functions.get","cloudfunctions.functions.list","cloudfunctions.functions.update","cloudfunctions.operations.get","firebase.projects.get"]}
[debug] [2026-04-07T13:33:58.929Z] Checked if tokens are valid: true, expires at: 1775572437675
[debug] [2026-04-07T13:33:58.929Z] Checked if tokens are valid: true, expires at: 1775572437675
[debug] [2026-04-07T13:33:58.929Z] >>> [apiv2][query] POST https://iam.googleapis.com/v1/projects/mahjong-club-da606/serviceAccounts/mahjong-club-da606@appspot.gserviceaccount.com:testIamPermissions [none]
[debug] [2026-04-07T13:33:58.929Z] >>> [apiv2][body] POST https://iam.googleapis.com/v1/projects/mahjong-club-da606/serviceAccounts/mahjong-club-da606@appspot.gserviceaccount.com:testIamPermissions {"permissions":["iam.serviceAccounts.actAs"]}
[debug] [2026-04-07T13:33:59.166Z] <<< [apiv2][status] POST https://iam.googleapis.com/v1/projects/mahjong-club-da606/serviceAccounts/mahjong-club-da606@appspot.gserviceaccount.com:testIamPermissions 200
[debug] [2026-04-07T13:33:59.166Z] <<< [apiv2][body] POST https://iam.googleapis.com/v1/projects/mahjong-club-da606/serviceAccounts/mahjong-club-da606@appspot.gserviceaccount.com:testIamPermissions {"permissions":["iam.serviceAccounts.actAs"]}
[info] 
[info] === Deploying to 'mahjong-club-da606'...
[info] 
[info] i  deploying functions 
[debug] [2026-04-07T13:33:59.170Z] Checked if tokens are valid: true, expires at: 1775572437675
[debug] [2026-04-07T13:33:59.170Z] Checked if tokens are valid: true, expires at: 1775572437675
[debug] [2026-04-07T13:33:59.170Z] >>> [apiv2][query] GET https://cloudresourcemanager.googleapis.com/v1/projects/mahjong-club-da606 [none]
[debug] [2026-04-07T13:33:59.288Z] <<< [apiv2][status] GET https://cloudresourcemanager.googleapis.com/v1/projects/mahjong-club-da606 200
[debug] [2026-04-07T13:33:59.288Z] <<< [apiv2][body] GET https://cloudresourcemanager.googleapis.com/v1/projects/mahjong-club-da606 {"projectNumber":"744873688381","projectId":"mahjong-club-da606","lifecycleState":"ACTIVE","name":"mahjong-club","labels":{"firebase":"enabled","firebase-core":"disabled"},"createTime":"2026-04-04T19:09:09.370Z","parent":{"type":"organization","id":"313127167817"}}
[info] i  functions: preparing codebase default for deployment 
[info] i  functions: ensuring required API cloudfunctions.googleapis.com is enabled... 
[info] i  functions: ensuring required API cloudbuild.googleapis.com is enabled... 
[debug] [2026-04-07T13:33:59.290Z] Checked if tokens are valid: true, expires at: 1775572437675
[debug] [2026-04-07T13:33:59.290Z] Checked if tokens are valid: true, expires at: 1775572437675
[info] i  artifactregistry: ensuring required API artifactregistry.googleapis.com is enabled... 
[debug] [2026-04-07T13:33:59.290Z] Checked if tokens are valid: true, expires at: 1775572437675
[debug] [2026-04-07T13:33:59.290Z] Checked if tokens are valid: true, expires at: 1775572437675
[debug] [2026-04-07T13:33:59.290Z] >>> [apiv2][query] GET https://serviceusage.googleapis.com/v1/projects/mahjong-club-da606/services/cloudbuild.googleapis.com [none]
[debug] [2026-04-07T13:33:59.290Z] >>> [apiv2][(partial)header] GET https://serviceusage.googleapis.com/v1/projects/mahjong-club-da606/services/cloudbuild.googleapis.com  x-goog-user-project=mahjong-club-da606
[debug] [2026-04-07T13:33:59.291Z] >>> [apiv2][query] GET https://serviceusage.googleapis.com/v1/projects/mahjong-club-da606/services/artifactregistry.googleapis.com [none]
[debug] [2026-04-07T13:33:59.291Z] >>> [apiv2][(partial)header] GET https://serviceusage.googleapis.com/v1/projects/mahjong-club-da606/services/artifactregistry.googleapis.com  x-goog-user-project=mahjong-club-da606
[debug] [2026-04-07T13:33:59.637Z] <<< [apiv2][status] GET https://serviceusage.googleapis.com/v1/projects/mahjong-club-da606/services/artifactregistry.googleapis.com 200
[debug] [2026-04-07T13:33:59.637Z] <<< [apiv2][body] GET https://serviceusage.googleapis.com/v1/projects/mahjong-club-da606/services/artifactregistry.googleapis.com [omitted]
[warn] ⚠  artifactregistry: missing required API artifactregistry.googleapis.com. Enabling now... 
[debug] [2026-04-07T13:33:59.638Z] Checked if tokens are valid: true, expires at: 1775572437675
[debug] [2026-04-07T13:33:59.638Z] Checked if tokens are valid: true, expires at: 1775572437675
[debug] [2026-04-07T13:33:59.638Z] >>> [apiv2][query] POST https://serviceusage.googleapis.com/v1/projects/mahjong-club-da606/services/artifactregistry.googleapis.com:enable [none]
[debug] [2026-04-07T13:33:59.638Z] >>> [apiv2][(partial)header] POST https://serviceusage.googleapis.com/v1/projects/mahjong-club-da606/services/artifactregistry.googleapis.com:enable  x-goog-user-project=mahjong-club-da606
[debug] [2026-04-07T13:33:59.667Z] <<< [apiv2][status] GET https://serviceusage.googleapis.com/v1/projects/mahjong-club-da606/services/cloudbuild.googleapis.com 200
[debug] [2026-04-07T13:33:59.668Z] <<< [apiv2][body] GET https://serviceusage.googleapis.com/v1/projects/mahjong-club-da606/services/cloudbuild.googleapis.com [omitted]
[warn] ⚠  functions: missing required API cloudbuild.googleapis.com. Enabling now... 
[debug] [2026-04-07T13:33:59.668Z] Checked if tokens are valid: true, expires at: 1775572437675
[debug] [2026-04-07T13:33:59.668Z] Checked if tokens are valid: true, expires at: 1775572437675
[debug] [2026-04-07T13:33:59.668Z] >>> [apiv2][query] POST https://serviceusage.googleapis.com/v1/projects/mahjong-club-da606/services/cloudbuild.googleapis.com:enable [none]
[debug] [2026-04-07T13:33:59.668Z] >>> [apiv2][(partial)header] POST https://serviceusage.googleapis.com/v1/projects/mahjong-club-da606/services/cloudbuild.googleapis.com:enable  x-goog-user-project=mahjong-club-da606
[debug] [2026-04-07T13:34:00.225Z] <<< [apiv2][status] POST https://serviceusage.googleapis.com/v1/projects/mahjong-club-da606/services/cloudbuild.googleapis.com:enable 200
[debug] [2026-04-07T13:34:00.225Z] <<< [apiv2][body] POST https://serviceusage.googleapis.com/v1/projects/mahjong-club-da606/services/cloudbuild.googleapis.com:enable [omitted]
[debug] [2026-04-07T13:34:00.330Z] <<< [apiv2][status] POST https://serviceusage.googleapis.com/v1/projects/mahjong-club-da606/services/artifactregistry.googleapis.com:enable 200
[debug] [2026-04-07T13:34:00.330Z] <<< [apiv2][body] POST https://serviceusage.googleapis.com/v1/projects/mahjong-club-da606/services/artifactregistry.googleapis.com:enable [omitted]
[debug] [2026-04-07T13:34:10.353Z] Checked if tokens are valid: true, expires at: 1775572437675
[debug] [2026-04-07T13:34:10.353Z] Checked if tokens are valid: true, expires at: 1775572437675
[debug] [2026-04-07T13:34:10.354Z] >>> [apiv2][query] GET https://firebase.googleapis.com/v1beta1/projects/mahjong-club-da606/adminSdkConfig [none]
[debug] [2026-04-07T13:34:10.656Z] <<< [apiv2][status] GET https://firebase.googleapis.com/v1beta1/projects/mahjong-club-da606/adminSdkConfig 200
[debug] [2026-04-07T13:34:10.656Z] <<< [apiv2][body] GET https://firebase.googleapis.com/v1beta1/projects/mahjong-club-da606/adminSdkConfig {"projectId":"mahjong-club-da606","storageBucket":"mahjong-club-da606.firebasestorage.app"}
[debug] [2026-04-07T13:34:10.656Z] Checked if tokens are valid: true, expires at: 1775572437675
[debug] [2026-04-07T13:34:10.657Z] Checked if tokens are valid: true, expires at: 1775572437675
[debug] [2026-04-07T13:34:10.657Z] >>> [apiv2][query] GET https://runtimeconfig.googleapis.com/v1beta1/projects/mahjong-club-da606/configs [none]
[debug] [2026-04-07T13:34:10.917Z] <<< [apiv2][status] GET https://runtimeconfig.googleapis.com/v1beta1/projects/mahjong-club-da606/configs 200
[debug] [2026-04-07T13:34:10.917Z] <<< [apiv2][body] GET https://runtimeconfig.googleapis.com/v1beta1/projects/mahjong-club-da606/configs {}
[debug] [2026-04-07T13:34:10.919Z] Validating nodejs source
[warn] ⚠  functions: Runtime Node.js 20 will be deprecated on 2026-04-30 and will be decommissioned on 2026-10-30, after which you will not be able to deploy without upgrading. Consider upgrading now to avoid disruption. See https://cloud.google.com/functions/docs/runtime-support for full details on the lifecycle policy 
[warn] ⚠  functions: package.json indicates an outdated version of firebase-functions. Please upgrade using npm install --save firebase-functions@latest in your functions directory. 
[warn] ⚠  functions: Please note that there will be breaking changes when you upgrade. 
[debug] [2026-04-07T13:34:12.002Z] > [functions] package.json contents: {
  "name": "mahjongclub-functions",
  "description": "Firebase Cloud Functions for Mahjong Club push notifications",
  "scripts": {
    "serve": "firebase emulators:start --only functions",
    "deploy": "firebase deploy --only functions"
  },
  "engines": {
    "node": "20"
  },
  "main": "index.js",
  "dependencies": {
    "firebase-admin": "^12.0.0",
    "firebase-functions": "^5.0.0"
  }
}
[debug] [2026-04-07T13:34:12.002Z] Building nodejs source
[info] i  functions: Loading and analyzing source code for codebase default to determine what to deploy 
[debug] [2026-04-07T13:34:12.003Z] Could not find functions.yaml. Must use http discovery
[debug] [2026-04-07T13:34:12.015Z] Found firebase-functions binary at '/Users/ffeliciano/mahjongclub/functions/node_modules/.bin/firebase-functions'
[info] Serving at port 8247

[debug] [2026-04-07T13:34:12.763Z] Got response from /__/functions.yaml {"endpoints":{"onNewChatMessage":{"availableMemoryMb":null,"timeoutSeconds":null,"minInstances":null,"maxInstances":null,"ingressSettings":null,"concurrency":null,"serviceAccountEmail":null,"vpc":null,"platform":"gcfv2","labels":{},"eventTrigger":{"eventType":"google.cloud.firestore.document.v1.created","eventFilters":{"database":"(default)","namespace":"(default)"},"eventFilterPathPatterns":{"document":"groups/{groupId}/messages/{messageId}"},"retry":false},"entryPoint":"onNewChatMessage"},"onNewGame":{"availableMemoryMb":null,"timeoutSeconds":null,"minInstances":null,"maxInstances":null,"ingressSettings":null,"concurrency":null,"serviceAccountEmail":null,"vpc":null,"platform":"gcfv2","labels":{},"eventTrigger":{"eventType":"google.cloud.firestore.document.v1.created","eventFilters":{"database":"(default)","namespace":"(default)"},"eventFilterPathPatterns":{"document":"groups/{groupId}/games/{gameId}"},"retry":false},"entryPoint":"onNewGame"}},"specVersion":"v1alpha1","requiredAPIs":[],"extensions":{}}
[info] i  extensions: ensuring required API firebaseextensions.googleapis.com is enabled... 
[debug] [2026-04-07T13:34:16.793Z] Checked if tokens are valid: true, expires at: 1775572437675
[debug] [2026-04-07T13:34:16.793Z] Checked if tokens are valid: true, expires at: 1775572437675
[debug] [2026-04-07T13:34:16.793Z] >>> [apiv2][query] GET https://serviceusage.googleapis.com/v1/projects/mahjong-club-da606/services/firebaseextensions.googleapis.com [none]
[debug] [2026-04-07T13:34:16.793Z] >>> [apiv2][(partial)header] GET https://serviceusage.googleapis.com/v1/projects/mahjong-club-da606/services/firebaseextensions.googleapis.com  x-goog-user-project=mahjong-club-da606
[debug] [2026-04-07T13:34:17.174Z] <<< [apiv2][status] GET https://serviceusage.googleapis.com/v1/projects/mahjong-club-da606/services/firebaseextensions.googleapis.com 200
[debug] [2026-04-07T13:34:17.174Z] <<< [apiv2][body] GET https://serviceusage.googleapis.com/v1/projects/mahjong-club-da606/services/firebaseextensions.googleapis.com [omitted]
[warn] ⚠  extensions: missing required API firebaseextensions.googleapis.com. Enabling now... 
[debug] [2026-04-07T13:34:17.174Z] Checked if tokens are valid: true, expires at: 1775572437675
[debug] [2026-04-07T13:34:17.175Z] Checked if tokens are valid: true, expires at: 1775572437675
[debug] [2026-04-07T13:34:17.175Z] >>> [apiv2][query] POST https://serviceusage.googleapis.com/v1/projects/mahjong-club-da606/services/firebaseextensions.googleapis.com:enable [none]
[debug] [2026-04-07T13:34:17.175Z] >>> [apiv2][(partial)header] POST https://serviceusage.googleapis.com/v1/projects/mahjong-club-da606/services/firebaseextensions.googleapis.com:enable  x-goog-user-project=mahjong-club-da606
[debug] [2026-04-07T13:34:17.789Z] <<< [apiv2][status] POST https://serviceusage.googleapis.com/v1/projects/mahjong-club-da606/services/firebaseextensions.googleapis.com:enable 200
[debug] [2026-04-07T13:34:17.789Z] <<< [apiv2][body] POST https://serviceusage.googleapis.com/v1/projects/mahjong-club-da606/services/firebaseextensions.googleapis.com:enable [omitted]
[debug] [2026-04-07T13:34:27.812Z] > command requires scopes: ["email","openid","https://www.googleapis.com/auth/cloudplatformprojects.readonly","https://www.googleapis.com/auth/firebase","https://www.googleapis.com/auth/cloud-platform"]
[debug] [2026-04-07T13:34:27.813Z] > authorizing via signed-in user (ffeliciano@nexfel.com)
[debug] [2026-04-07T13:34:27.813Z] [iam] checking project mahjong-club-da606 for permissions ["firebase.projects.get","firebaseextensions.instances.list"]
[debug] [2026-04-07T13:34:27.813Z] Checked if tokens are valid: true, expires at: 1775572437675
[debug] [2026-04-07T13:34:27.813Z] Checked if tokens are valid: true, expires at: 1775572437675
[debug] [2026-04-07T13:34:27.813Z] >>> [apiv2][query] POST https://cloudresourcemanager.googleapis.com/v1/projects/mahjong-club-da606:testIamPermissions [none]
[debug] [2026-04-07T13:34:27.813Z] >>> [apiv2][(partial)header] POST https://cloudresourcemanager.googleapis.com/v1/projects/mahjong-club-da606:testIamPermissions  x-goog-user-project=mahjong-club-da606
[debug] [2026-04-07T13:34:27.813Z] >>> [apiv2][body] POST https://cloudresourcemanager.googleapis.com/v1/projects/mahjong-club-da606:testIamPermissions {"permissions":["firebase.projects.get","firebaseextensions.instances.list"]}
[debug] [2026-04-07T13:34:27.963Z] <<< [apiv2][status] POST https://cloudresourcemanager.googleapis.com/v1/projects/mahjong-club-da606:testIamPermissions 200
[debug] [2026-04-07T13:34:27.963Z] <<< [apiv2][body] POST https://cloudresourcemanager.googleapis.com/v1/projects/mahjong-club-da606:testIamPermissions {"permissions":["firebase.projects.get","firebaseextensions.instances.list"]}
[debug] [2026-04-07T13:34:27.963Z] Checked if tokens are valid: true, expires at: 1775572437675
[debug] [2026-04-07T13:34:27.963Z] Checked if tokens are valid: true, expires at: 1775572437675
[debug] [2026-04-07T13:34:27.963Z] >>> [apiv2][query] GET https://firebaseextensions.googleapis.com/v1beta/projects/mahjong-club-da606/instances pageSize=100&pageToken=
[debug] [2026-04-07T13:34:29.651Z] <<< [apiv2][status] GET https://firebaseextensions.googleapis.com/v1beta/projects/mahjong-club-da606/instances 200
[debug] [2026-04-07T13:34:29.651Z] <<< [apiv2][body] GET https://firebaseextensions.googleapis.com/v1beta/projects/mahjong-club-da606/instances {}
[info] i  functions: preparing functions directory for uploading... 
[info] i  functions: packaged /Users/ffeliciano/mahjongclub/functions (30.32 KB) for uploading 
[debug] [2026-04-07T13:34:29.688Z] Checked if tokens are valid: true, expires at: 1775572437675
[debug] [2026-04-07T13:34:29.688Z] Checked if tokens are valid: true, expires at: 1775572437675
[debug] [2026-04-07T13:34:29.688Z] >>> [apiv2][query] GET https://cloudfunctions.googleapis.com/v1/projects/mahjong-club-da606/locations/-/functions [none]
[debug] [2026-04-07T13:34:30.302Z] <<< [apiv2][status] GET https://cloudfunctions.googleapis.com/v1/projects/mahjong-club-da606/locations/-/functions 200
[debug] [2026-04-07T13:34:30.302Z] <<< [apiv2][body] GET https://cloudfunctions.googleapis.com/v1/projects/mahjong-club-da606/locations/-/functions {}
[debug] [2026-04-07T13:34:30.303Z] Checked if tokens are valid: true, expires at: 1775572437675
[debug] [2026-04-07T13:34:30.303Z] Checked if tokens are valid: true, expires at: 1775572437675
[debug] [2026-04-07T13:34:30.303Z] >>> [apiv2][query] GET https://cloudfunctions.googleapis.com/v2/projects/mahjong-club-da606/locations/-/functions filter=environment%3D%22GEN_2%22
[debug] [2026-04-07T13:34:30.796Z] <<< [apiv2][status] GET https://cloudfunctions.googleapis.com/v2/projects/mahjong-club-da606/locations/-/functions 200
[debug] [2026-04-07T13:34:30.796Z] <<< [apiv2][body] GET https://cloudfunctions.googleapis.com/v2/projects/mahjong-club-da606/locations/-/functions {}
[debug] [2026-04-07T13:34:30.797Z] Checked if tokens are valid: true, expires at: 1775572437675
[debug] [2026-04-07T13:34:30.797Z] Checked if tokens are valid: true, expires at: 1775572437675
[debug] [2026-04-07T13:34:30.797Z] >>> [apiv2][query] GET https://firestore.googleapis.com/v1/projects/mahjong-club-da606/databases/(default) [none]
[debug] [2026-04-07T13:34:31.126Z] <<< [apiv2][status] GET https://firestore.googleapis.com/v1/projects/mahjong-club-da606/databases/(default) 200
[debug] [2026-04-07T13:34:31.126Z] <<< [apiv2][body] GET https://firestore.googleapis.com/v1/projects/mahjong-club-da606/databases/(default) {"name":"projects/mahjong-club-da606/databases/(default)","uid":"c5a7753a-0aa2-4fd9-97e8-08791b2ae7de","createTime":"2026-04-04T20:04:59.508757Z","updateTime":"2026-04-04T20:04:59.508757Z","locationId":"nam5","type":"FIRESTORE_NATIVE","concurrencyMode":"PESSIMISTIC","versionRetentionPeriod":"3600s","earliestVersionTime":"2026-04-07T12:34:31.318882Z","appEngineIntegrationMode":"DISABLED","keyPrefix":"s","pointInTimeRecoveryEnablement":"POINT_IN_TIME_RECOVERY_DISABLED","deleteProtectionState":"DELETE_PROTECTION_DISABLED","databaseEdition":"STANDARD","freeTier":true,"realtimeUpdatesMode":"REALTIME_UPDATES_MODE_ENABLED","etag":"IOPF5b7t25MDMObS8Iio1ZMD"}
[info] i  functions: ensuring required API run.googleapis.com is enabled... 
[debug] [2026-04-07T13:34:31.128Z] Checked if tokens are valid: true, expires at: 1775572437675
[debug] [2026-04-07T13:34:31.128Z] Checked if tokens are valid: true, expires at: 1775572437675
[info] i  functions: ensuring required API eventarc.googleapis.com is enabled... 
[debug] [2026-04-07T13:34:31.129Z] Checked if tokens are valid: true, expires at: 1775572437675
[debug] [2026-04-07T13:34:31.129Z] Checked if tokens are valid: true, expires at: 1775572437675
[info] i  functions: ensuring required API pubsub.googleapis.com is enabled... 
[debug] [2026-04-07T13:34:31.129Z] Checked if tokens are valid: true, expires at: 1775572437675
[debug] [2026-04-07T13:34:31.129Z] Checked if tokens are valid: true, expires at: 1775572437675
[info] i  functions: ensuring required API storage.googleapis.com is enabled... 
[debug] [2026-04-07T13:34:31.129Z] Checked if tokens are valid: true, expires at: 1775572437675
[debug] [2026-04-07T13:34:31.129Z] Checked if tokens are valid: true, expires at: 1775572437675
[debug] [2026-04-07T13:34:31.129Z] >>> [apiv2][query] GET https://serviceusage.googleapis.com/v1/projects/744873688381/services/run.googleapis.com [none]
[debug] [2026-04-07T13:34:31.129Z] >>> [apiv2][(partial)header] GET https://serviceusage.googleapis.com/v1/projects/744873688381/services/run.googleapis.com  x-goog-user-project=744873688381
[debug] [2026-04-07T13:34:31.131Z] >>> [apiv2][query] GET https://serviceusage.googleapis.com/v1/projects/744873688381/services/eventarc.googleapis.com [none]
[debug] [2026-04-07T13:34:31.131Z] >>> [apiv2][(partial)header] GET https://serviceusage.googleapis.com/v1/projects/744873688381/services/eventarc.googleapis.com  x-goog-user-project=744873688381
[debug] [2026-04-07T13:34:31.132Z] >>> [apiv2][query] GET https://serviceusage.googleapis.com/v1/projects/744873688381/services/pubsub.googleapis.com [none]
[debug] [2026-04-07T13:34:31.132Z] >>> [apiv2][(partial)header] GET https://serviceusage.googleapis.com/v1/projects/744873688381/services/pubsub.googleapis.com  x-goog-user-project=744873688381
[debug] [2026-04-07T13:34:31.133Z] >>> [apiv2][query] GET https://serviceusage.googleapis.com/v1/projects/744873688381/services/storage.googleapis.com [none]
[debug] [2026-04-07T13:34:31.133Z] >>> [apiv2][(partial)header] GET https://serviceusage.googleapis.com/v1/projects/744873688381/services/storage.googleapis.com  x-goog-user-project=744873688381
[debug] [2026-04-07T13:34:31.458Z] <<< [apiv2][status] GET https://serviceusage.googleapis.com/v1/projects/744873688381/services/eventarc.googleapis.com 200
[debug] [2026-04-07T13:34:31.458Z] <<< [apiv2][body] GET https://serviceusage.googleapis.com/v1/projects/744873688381/services/eventarc.googleapis.com [omitted]
[warn] ⚠  functions: missing required API eventarc.googleapis.com. Enabling now... 
[debug] [2026-04-07T13:34:31.458Z] Checked if tokens are valid: true, expires at: 1775572437675
[debug] [2026-04-07T13:34:31.459Z] Checked if tokens are valid: true, expires at: 1775572437675
[debug] [2026-04-07T13:34:31.459Z] >>> [apiv2][query] POST https://serviceusage.googleapis.com/v1/projects/744873688381/services/eventarc.googleapis.com:enable [none]
[debug] [2026-04-07T13:34:31.459Z] >>> [apiv2][(partial)header] POST https://serviceusage.googleapis.com/v1/projects/744873688381/services/eventarc.googleapis.com:enable  x-goog-user-project=744873688381
[debug] [2026-04-07T13:34:31.490Z] <<< [apiv2][status] GET https://serviceusage.googleapis.com/v1/projects/744873688381/services/pubsub.googleapis.com 200
[debug] [2026-04-07T13:34:31.490Z] <<< [apiv2][body] GET https://serviceusage.googleapis.com/v1/projects/744873688381/services/pubsub.googleapis.com [omitted]
[info] ✔  functions: required API pubsub.googleapis.com is enabled 
[debug] [2026-04-07T13:34:31.513Z] <<< [apiv2][status] GET https://serviceusage.googleapis.com/v1/projects/744873688381/services/storage.googleapis.com 200
[debug] [2026-04-07T13:34:31.513Z] <<< [apiv2][body] GET https://serviceusage.googleapis.com/v1/projects/744873688381/services/storage.googleapis.com [omitted]
[info] ✔  functions: required API storage.googleapis.com is enabled 
[debug] [2026-04-07T13:34:31.535Z] <<< [apiv2][status] GET https://serviceusage.googleapis.com/v1/projects/744873688381/services/run.googleapis.com 200
[debug] [2026-04-07T13:34:31.535Z] <<< [apiv2][body] GET https://serviceusage.googleapis.com/v1/projects/744873688381/services/run.googleapis.com [omitted]
[warn] ⚠  functions: missing required API run.googleapis.com. Enabling now... 
[debug] [2026-04-07T13:34:31.535Z] Checked if tokens are valid: true, expires at: 1775572437675
[debug] [2026-04-07T13:34:31.535Z] Checked if tokens are valid: true, expires at: 1775572437675
[debug] [2026-04-07T13:34:31.535Z] >>> [apiv2][query] POST https://serviceusage.googleapis.com/v1/projects/744873688381/services/run.googleapis.com:enable [none]
[debug] [2026-04-07T13:34:31.535Z] >>> [apiv2][(partial)header] POST https://serviceusage.googleapis.com/v1/projects/744873688381/services/run.googleapis.com:enable  x-goog-user-project=744873688381
[debug] [2026-04-07T13:34:32.124Z] <<< [apiv2][status] POST https://serviceusage.googleapis.com/v1/projects/744873688381/services/eventarc.googleapis.com:enable 200
[debug] [2026-04-07T13:34:32.124Z] <<< [apiv2][body] POST https://serviceusage.googleapis.com/v1/projects/744873688381/services/eventarc.googleapis.com:enable [omitted]
[debug] [2026-04-07T13:34:32.281Z] <<< [apiv2][status] POST https://serviceusage.googleapis.com/v1/projects/744873688381/services/run.googleapis.com:enable 200
[debug] [2026-04-07T13:34:32.281Z] <<< [apiv2][body] POST https://serviceusage.googleapis.com/v1/projects/744873688381/services/run.googleapis.com:enable [omitted]
[info] i  functions: generating the service identity for pubsub.googleapis.com... 
[debug] [2026-04-07T13:34:42.303Z] Checked if tokens are valid: true, expires at: 1775572437675
[debug] [2026-04-07T13:34:42.303Z] Checked if tokens are valid: true, expires at: 1775572437675
[info] i  functions: generating the service identity for eventarc.googleapis.com... 
[debug] [2026-04-07T13:34:42.303Z] Checked if tokens are valid: true, expires at: 1775572437675
[debug] [2026-04-07T13:34:42.303Z] Checked if tokens are valid: true, expires at: 1775572437675
[debug] [2026-04-07T13:34:42.303Z] >>> [apiv2][query] POST https://serviceusage.googleapis.com/v1beta1/projects/744873688381/services/pubsub.googleapis.com:generateServiceIdentity [none]
[debug] [2026-04-07T13:34:42.303Z] >>> [apiv2][(partial)header] POST https://serviceusage.googleapis.com/v1beta1/projects/744873688381/services/pubsub.googleapis.com:generateServiceIdentity  x-goog-user-project=744873688381
[debug] [2026-04-07T13:34:42.303Z] >>> [apiv2][body] POST https://serviceusage.googleapis.com/v1beta1/projects/744873688381/services/pubsub.googleapis.com:generateServiceIdentity {}
[debug] [2026-04-07T13:34:42.305Z] >>> [apiv2][query] POST https://serviceusage.googleapis.com/v1beta1/projects/744873688381/services/eventarc.googleapis.com:generateServiceIdentity [none]
[debug] [2026-04-07T13:34:42.305Z] >>> [apiv2][(partial)header] POST https://serviceusage.googleapis.com/v1beta1/projects/744873688381/services/eventarc.googleapis.com:generateServiceIdentity  x-goog-user-project=744873688381
[debug] [2026-04-07T13:34:42.305Z] >>> [apiv2][body] POST https://serviceusage.googleapis.com/v1beta1/projects/744873688381/services/eventarc.googleapis.com:generateServiceIdentity {}
[debug] [2026-04-07T13:34:43.126Z] <<< [apiv2][status] POST https://serviceusage.googleapis.com/v1beta1/projects/744873688381/services/pubsub.googleapis.com:generateServiceIdentity 200
[debug] [2026-04-07T13:34:43.126Z] <<< [apiv2][body] POST https://serviceusage.googleapis.com/v1beta1/projects/744873688381/services/pubsub.googleapis.com:generateServiceIdentity {"name":"operations/finished.DONE_OPERATION","done":true,"response":{"@type":"type.googleapis.com/google.api.serviceusage.v1beta1.ServiceIdentity","email":"service-744873688381@gcp-sa-pubsub.iam.gserviceaccount.com","uniqueId":"114604020399725673204"}}
[debug] [2026-04-07T13:34:43.370Z] <<< [apiv2][status] POST https://serviceusage.googleapis.com/v1beta1/projects/744873688381/services/eventarc.googleapis.com:generateServiceIdentity 200
[debug] [2026-04-07T13:34:43.370Z] <<< [apiv2][body] POST https://serviceusage.googleapis.com/v1beta1/projects/744873688381/services/eventarc.googleapis.com:generateServiceIdentity {"name":"operations/finished.DONE_OPERATION","done":true,"response":{"@type":"type.googleapis.com/google.api.serviceusage.v1beta1.ServiceIdentity","email":"service-744873688381@gcp-sa-eventarc.iam.gserviceaccount.com","uniqueId":"106192405315640947113"}}
[debug] [2026-04-07T13:34:43.372Z] Checked if tokens are valid: true, expires at: 1775572437675
[debug] [2026-04-07T13:34:43.372Z] Checked if tokens are valid: true, expires at: 1775572437675
[debug] [2026-04-07T13:34:43.372Z] >>> [apiv2][query] GET https://compute.googleapis.com/compute/v1/projects/744873688381 [none]
[debug] [2026-04-07T13:34:43.576Z] <<< [apiv2][status] GET https://compute.googleapis.com/compute/v1/projects/744873688381 403
[debug] [2026-04-07T13:34:43.576Z] <<< [apiv2][body] GET https://compute.googleapis.com/compute/v1/projects/744873688381 {"error":{"code":403,"message":"Compute Engine API has not been used in project 744873688381 before or it is disabled. Enable it by visiting https://console.developers.google.com/apis/api/compute.googleapis.com/overview?project=744873688381 then retry. If you enabled this API recently, wait a few minutes for the action to propagate to our systems and retry.","errors":[{"message":"Compute Engine API has not been used in project 744873688381 before or it is disabled. Enable it by visiting https://console.developers.google.com/apis/api/compute.googleapis.com/overview?project=744873688381 then retry. If you enabled this API recently, wait a few minutes for the action to propagate to our systems and retry.","domain":"usageLimits","reason":"accessNotConfigured","extendedHelp":"https://console.developers.google.com"}],"status":"PERMISSION_DENIED","details":[{"@type":"type.googleapis.com/google.rpc.ErrorInfo","reason":"SERVICE_DISABLED","domain":"googleapis.com","metadata":{"service":"compute.googleapis.com","containerInfo":"744873688381","consumer":"projects/744873688381","serviceTitle":"Compute Engine API","activationUrl":"https://console.developers.google.com/apis/api/compute.googleapis.com/overview?project=744873688381"}},{"@type":"type.googleapis.com/google.rpc.LocalizedMessage","locale":"en-US","message":"Compute Engine API has not been used in project 744873688381 before or it is disabled. Enable it by visiting https://console.developers.google.com/apis/api/compute.googleapis.com/overview?project=744873688381 then retry. If you enabled this API recently, wait a few minutes for the action to propagate to our systems and retry."},{"@type":"type.googleapis.com/google.rpc.Help","links":[{"description":"Google developers console API activation","url":"https://console.developers.google.com/apis/api/compute.googleapis.com/overview?project=744873688381"}]}]}}
[debug] [2026-04-07T13:34:43.576Z] unable to look up default compute service account. Falling back to 744873688381-compute@developer.gserviceaccount.com. Error: {"name":"FirebaseError","children":[],"context":{"body":{"error":{"code":403,"message":"Compute Engine API has not been used in project 744873688381 before or it is disabled. Enable it by visiting https://console.developers.google.com/apis/api/compute.googleapis.com/overview?project=744873688381 then retry. If you enabled this API recently, wait a few minutes for the action to propagate to our systems and retry.","errors":[{"message":"Compute Engine API has not been used in project 744873688381 before or it is disabled. Enable it by visiting https://console.developers.google.com/apis/api/compute.googleapis.com/overview?project=744873688381 then retry. If you enabled this API recently, wait a few minutes for the action to propagate to our systems and retry.","domain":"usageLimits","reason":"accessNotConfigured","extendedHelp":"https://console.developers.google.com"}],"status":"PERMISSION_DENIED","details":[{"@type":"type.googleapis.com/google.rpc.ErrorInfo","reason":"SERVICE_DISABLED","domain":"googleapis.com","metadata":{"service":"compute.googleapis.com","containerInfo":"744873688381","consumer":"projects/744873688381","serviceTitle":"Compute Engine API","activationUrl":"https://console.developers.google.com/apis/api/compute.googleapis.com/overview?project=744873688381"}},{"@type":"type.googleapis.com/google.rpc.LocalizedMessage","locale":"en-US","message":"Compute Engine API has not been used in project 744873688381 before or it is disabled. Enable it by visiting https://console.developers.google.com/apis/api/compute.googleapis.com/overview?project=744873688381 then retry. If you enabled this API recently, wait a few minutes for the action to propagate to our systems and retry."},{"@type":"type.googleapis.com/google.rpc.Help","links":[{"description":"Google developers console API activation","url":"https://console.developers.google.com/apis/api/compute.googleapis.com/overview?project=744873688381"}]}]}},"response":{"statusCode":403}},"exit":1,"message":"Request to https://compute.googleapis.com/compute/v1/projects/744873688381 had HTTP Error: 403, Compute Engine API has not been used in project 744873688381 before or it is disabled. Enable it by visiting https://console.developers.google.com/apis/api/compute.googleapis.com/overview?project=744873688381 then retry. If you enabled this API recently, wait a few minutes for the action to propagate to our systems and retry.","status":403}
[debug] [2026-04-07T13:34:43.577Z] Checked if tokens are valid: true, expires at: 1775572437675
[debug] [2026-04-07T13:34:43.577Z] Checked if tokens are valid: true, expires at: 1775572437675
[debug] [2026-04-07T13:34:43.577Z] >>> [apiv2][query] POST https://cloudresourcemanager.googleapis.com/v1/projects/744873688381:getIamPolicy [none]
[debug] [2026-04-07T13:34:43.846Z] <<< [apiv2][status] POST https://cloudresourcemanager.googleapis.com/v1/projects/744873688381:getIamPolicy 200
[debug] [2026-04-07T13:34:43.846Z] <<< [apiv2][body] POST https://cloudresourcemanager.googleapis.com/v1/projects/744873688381:getIamPolicy {"version":1,"etag":"BwZO3th+aD0=","bindings":[{"role":"roles/cloudbuild.builds.builder","members":["serviceAccount:744873688381@cloudbuild.gserviceaccount.com"]},{"role":"roles/cloudbuild.serviceAgent","members":["serviceAccount:service-744873688381@gcp-sa-cloudbuild.iam.gserviceaccount.com"]},{"role":"roles/cloudfunctions.serviceAgent","members":["serviceAccount:service-744873688381@gcf-admin-robot.iam.gserviceaccount.com"]},{"role":"roles/containerregistry.ServiceAgent","members":["serviceAccount:service-744873688381@containerregistry.iam.gserviceaccount.com"]},{"role":"roles/editor","members":["serviceAccount:744873688381@cloudservices.gserviceaccount.com"]},{"role":"roles/firebase.managementServiceAgent","members":["serviceAccount:service-744873688381@gcp-sa-firebase.iam.gserviceaccount.com"]},{"role":"roles/firebase.sdkAdminServiceAgent","members":["serviceAccount:firebase-adminsdk-fbsvc@mahjong-club-da606.iam.gserviceaccount.com"]},{"role":"roles/firebaseauth.admin","members":["serviceAccount:firebase-adminsdk-fbsvc@mahjong-club-da606.iam.gserviceaccount.com"]},{"role":"roles/firebasemods.serviceAgent","members":["serviceAccount:service-744873688381@gcp-sa-firebasemods.iam.gserviceaccount.com"]},{"role":"roles/firebaserules.system","members":["serviceAccount:service-744873688381@firebase-rules.iam.gserviceaccount.com"]},{"role":"roles/firestore.serviceAgent","members":["serviceAccount:service-744873688381@gcp-sa-firestore.iam.gserviceaccount.com"]},{"role":"roles/iam.serviceAccountTokenCreator","members":["serviceAccount:firebase-adminsdk-fbsvc@mahjong-club-da606.iam.gserviceaccount.com"]},{"role":"roles/owner","members":["user:ffeliciano@nexfel.com"]},{"role":"roles/run.serviceAgent","members":["serviceAccount:service-744873688381@serverless-robot-prod.iam.gserviceaccount.com"]}]}
[debug] [2026-04-07T13:34:43.846Z] Checked if tokens are valid: true, expires at: 1775572437675
[debug] [2026-04-07T13:34:43.846Z] Checked if tokens are valid: true, expires at: 1775572437675
[debug] [2026-04-07T13:34:43.846Z] >>> [apiv2][query] POST https://cloudresourcemanager.googleapis.com/v1/projects/744873688381:setIamPolicy [none]
[debug] [2026-04-07T13:34:43.846Z] >>> [apiv2][body] POST https://cloudresourcemanager.googleapis.com/v1/projects/744873688381:setIamPolicy {"policy":{"version":1,"etag":"BwZO3th+aD0=","bindings":[{"role":"roles/cloudbuild.builds.builder","members":["serviceAccount:744873688381@cloudbuild.gserviceaccount.com"]},{"role":"roles/cloudbuild.serviceAgent","members":["serviceAccount:service-744873688381@gcp-sa-cloudbuild.iam.gserviceaccount.com"]},{"role":"roles/cloudfunctions.serviceAgent","members":["serviceAccount:service-744873688381@gcf-admin-robot.iam.gserviceaccount.com"]},{"role":"roles/containerregistry.ServiceAgent","members":["serviceAccount:service-744873688381@containerregistry.iam.gserviceaccount.com"]},{"role":"roles/editor","members":["serviceAccount:744873688381@cloudservices.gserviceaccount.com"]},{"role":"roles/firebase.managementServiceAgent","members":["serviceAccount:service-744873688381@gcp-sa-firebase.iam.gserviceaccount.com"]},{"role":"roles/firebase.sdkAdminServiceAgent","members":["serviceAccount:firebase-adminsdk-fbsvc@mahjong-club-da606.iam.gserviceaccount.com"]},{"role":"roles/firebaseauth.admin","members":["serviceAccount:firebase-adminsdk-fbsvc@mahjong-club-da606.iam.gserviceaccount.com"]},{"role":"roles/firebasemods.serviceAgent","members":["serviceAccount:service-744873688381@gcp-sa-firebasemods.iam.gserviceaccount.com"]},{"role":"roles/firebaserules.system","members":["serviceAccount:service-744873688381@firebase-rules.iam.gserviceaccount.com"]},{"role":"roles/firestore.serviceAgent","members":["serviceAccount:service-744873688381@gcp-sa-firestore.iam.gserviceaccount.com"]},{"role":"roles/iam.serviceAccountTokenCreator","members":["serviceAccount:firebase-adminsdk-fbsvc@mahjong-club-da606.iam.gserviceaccount.com","serviceAccount:service-744873688381@gcp-sa-pubsub.iam.gserviceaccount.com"]},{"role":"roles/owner","members":["user:ffeliciano@nexfel.com"]},{"role":"roles/run.serviceAgent","members":["serviceAccount:service-744873688381@serverless-robot-prod.iam.gserviceaccount.com"]},{"role":"roles/run.invoker","members":["serviceAccount:744873688381-compute@developer.gserviceaccount.com"]},{"role":"roles/eventarc.eventReceiver","members":["serviceAccount:744873688381-compute@developer.gserviceaccount.com"]}]},"updateMask":"bindings"}
[debug] [2026-04-07T13:34:44.660Z] <<< [apiv2][status] POST https://cloudresourcemanager.googleapis.com/v1/projects/744873688381:setIamPolicy 200
[debug] [2026-04-07T13:34:44.661Z] <<< [apiv2][body] POST https://cloudresourcemanager.googleapis.com/v1/projects/744873688381:setIamPolicy {"version":1,"etag":"BwZO3tinkY4=","bindings":[{"role":"roles/cloudbuild.builds.builder","members":["serviceAccount:744873688381@cloudbuild.gserviceaccount.com"]},{"role":"roles/cloudbuild.serviceAgent","members":["serviceAccount:service-744873688381@gcp-sa-cloudbuild.iam.gserviceaccount.com"]},{"role":"roles/cloudfunctions.serviceAgent","members":["serviceAccount:service-744873688381@gcf-admin-robot.iam.gserviceaccount.com"]},{"role":"roles/containerregistry.ServiceAgent","members":["serviceAccount:service-744873688381@containerregistry.iam.gserviceaccount.com"]},{"role":"roles/editor","members":["serviceAccount:744873688381@cloudservices.gserviceaccount.com"]},{"role":"roles/eventarc.eventReceiver","members":["serviceAccount:744873688381-compute@developer.gserviceaccount.com"]},{"role":"roles/firebase.managementServiceAgent","members":["serviceAccount:service-744873688381@gcp-sa-firebase.iam.gserviceaccount.com"]},{"role":"roles/firebase.sdkAdminServiceAgent","members":["serviceAccount:firebase-adminsdk-fbsvc@mahjong-club-da606.iam.gserviceaccount.com"]},{"role":"roles/firebaseauth.admin","members":["serviceAccount:firebase-adminsdk-fbsvc@mahjong-club-da606.iam.gserviceaccount.com"]},{"role":"roles/firebasemods.serviceAgent","members":["serviceAccount:service-744873688381@gcp-sa-firebasemods.iam.gserviceaccount.com"]},{"role":"roles/firebaserules.system","members":["serviceAccount:service-744873688381@firebase-rules.iam.gserviceaccount.com"]},{"role":"roles/firestore.serviceAgent","members":["serviceAccount:service-744873688381@gcp-sa-firestore.iam.gserviceaccount.com"]},{"role":"roles/iam.serviceAccountTokenCreator","members":["serviceAccount:firebase-adminsdk-fbsvc@mahjong-club-da606.iam.gserviceaccount.com","serviceAccount:service-744873688381@gcp-sa-pubsub.iam.gserviceaccount.com"]},{"role":"roles/owner","members":["user:ffeliciano@nexfel.com"]},{"role":"roles/run.invoker","members":["serviceAccount:744873688381-compute@developer.gserviceaccount.com"]},{"role":"roles/run.serviceAgent","members":["serviceAccount:service-744873688381@serverless-robot-prod.iam.gserviceaccount.com"]}]}
[debug] [2026-04-07T13:34:44.661Z] Checked if tokens are valid: true, expires at: 1775572437675
[debug] [2026-04-07T13:34:44.661Z] Checked if tokens are valid: true, expires at: 1775572437675
[debug] [2026-04-07T13:34:44.662Z] >>> [apiv2][query] GET https://cloudresourcemanager.googleapis.com/v1/projects/mahjong-club-da606 [none]
[debug] [2026-04-07T13:34:44.775Z] <<< [apiv2][status] GET https://cloudresourcemanager.googleapis.com/v1/projects/mahjong-club-da606 200
[debug] [2026-04-07T13:34:44.776Z] <<< [apiv2][body] GET https://cloudresourcemanager.googleapis.com/v1/projects/mahjong-club-da606 {"projectNumber":"744873688381","projectId":"mahjong-club-da606","lifecycleState":"ACTIVE","name":"mahjong-club","labels":{"firebase":"enabled","firebase-core":"disabled"},"createTime":"2026-04-04T19:09:09.370Z","parent":{"type":"organization","id":"313127167817"}}
[debug] [2026-04-07T13:34:44.776Z] Checked if tokens are valid: true, expires at: 1775572437675
[debug] [2026-04-07T13:34:44.776Z] Checked if tokens are valid: true, expires at: 1775572437675
[debug] [2026-04-07T13:34:44.776Z] >>> [apiv2][query] GET https://compute.googleapis.com/compute/v1/projects/744873688381 [none]
[debug] [2026-04-07T13:34:44.900Z] <<< [apiv2][status] GET https://compute.googleapis.com/compute/v1/projects/744873688381 403
[debug] [2026-04-07T13:34:44.900Z] <<< [apiv2][body] GET https://compute.googleapis.com/compute/v1/projects/744873688381 {"error":{"code":403,"message":"Compute Engine API has not been used in project 744873688381 before or it is disabled. Enable it by visiting https://console.developers.google.com/apis/api/compute.googleapis.com/overview?project=744873688381 then retry. If you enabled this API recently, wait a few minutes for the action to propagate to our systems and retry.","errors":[{"message":"Compute Engine API has not been used in project 744873688381 before or it is disabled. Enable it by visiting https://console.developers.google.com/apis/api/compute.googleapis.com/overview?project=744873688381 then retry. If you enabled this API recently, wait a few minutes for the action to propagate to our systems and retry.","domain":"usageLimits","reason":"accessNotConfigured","extendedHelp":"https://console.developers.google.com"}],"status":"PERMISSION_DENIED","details":[{"@type":"type.googleapis.com/google.rpc.ErrorInfo","reason":"SERVICE_DISABLED","domain":"googleapis.com","metadata":{"consumer":"projects/744873688381","containerInfo":"744873688381","service":"compute.googleapis.com","serviceTitle":"Compute Engine API","activationUrl":"https://console.developers.google.com/apis/api/compute.googleapis.com/overview?project=744873688381"}},{"@type":"type.googleapis.com/google.rpc.LocalizedMessage","locale":"en-US","message":"Compute Engine API has not been used in project 744873688381 before or it is disabled. Enable it by visiting https://console.developers.google.com/apis/api/compute.googleapis.com/overview?project=744873688381 then retry. If you enabled this API recently, wait a few minutes for the action to propagate to our systems and retry."},{"@type":"type.googleapis.com/google.rpc.Help","links":[{"description":"Google developers console API activation","url":"https://console.developers.google.com/apis/api/compute.googleapis.com/overview?project=744873688381"}]}]}}
[debug] [2026-04-07T13:34:44.901Z] unable to look up default compute service account. Falling back to 744873688381-compute@developer.gserviceaccount.com. Error: {"name":"FirebaseError","children":[],"context":{"body":{"error":{"code":403,"message":"Compute Engine API has not been used in project 744873688381 before or it is disabled. Enable it by visiting https://console.developers.google.com/apis/api/compute.googleapis.com/overview?project=744873688381 then retry. If you enabled this API recently, wait a few minutes for the action to propagate to our systems and retry.","errors":[{"message":"Compute Engine API has not been used in project 744873688381 before or it is disabled. Enable it by visiting https://console.developers.google.com/apis/api/compute.googleapis.com/overview?project=744873688381 then retry. If you enabled this API recently, wait a few minutes for the action to propagate to our systems and retry.","domain":"usageLimits","reason":"accessNotConfigured","extendedHelp":"https://console.developers.google.com"}],"status":"PERMISSION_DENIED","details":[{"@type":"type.googleapis.com/google.rpc.ErrorInfo","reason":"SERVICE_DISABLED","domain":"googleapis.com","metadata":{"consumer":"projects/744873688381","containerInfo":"744873688381","service":"compute.googleapis.com","serviceTitle":"Compute Engine API","activationUrl":"https://console.developers.google.com/apis/api/compute.googleapis.com/overview?project=744873688381"}},{"@type":"type.googleapis.com/google.rpc.LocalizedMessage","locale":"en-US","message":"Compute Engine API has not been used in project 744873688381 before or it is disabled. Enable it by visiting https://console.developers.google.com/apis/api/compute.googleapis.com/overview?project=744873688381 then retry. If you enabled this API recently, wait a few minutes for the action to propagate to our systems and retry."},{"@type":"type.googleapis.com/google.rpc.Help","links":[{"description":"Google developers console API activation","url":"https://console.developers.google.com/apis/api/compute.googleapis.com/overview?project=744873688381"}]}]}},"response":{"statusCode":403}},"exit":1,"message":"Request to https://compute.googleapis.com/compute/v1/projects/744873688381 had HTTP Error: 403, Compute Engine API has not been used in project 744873688381 before or it is disabled. Enable it by visiting https://console.developers.google.com/apis/api/compute.googleapis.com/overview?project=744873688381 then retry. If you enabled this API recently, wait a few minutes for the action to propagate to our systems and retry.","status":403}
[debug] [2026-04-07T13:34:44.901Z] Checked if tokens are valid: true, expires at: 1775572437675
[debug] [2026-04-07T13:34:44.901Z] Checked if tokens are valid: true, expires at: 1775572437675
[debug] [2026-04-07T13:34:44.901Z] >>> [apiv2][query] GET https://compute.googleapis.com/compute/v1/projects/744873688381 [none]
[debug] [2026-04-07T13:34:44.976Z] <<< [apiv2][status] GET https://compute.googleapis.com/compute/v1/projects/744873688381 403
[debug] [2026-04-07T13:34:44.976Z] <<< [apiv2][body] GET https://compute.googleapis.com/compute/v1/projects/744873688381 {"error":{"code":403,"message":"Compute Engine API has not been used in project 744873688381 before or it is disabled. Enable it by visiting https://console.developers.google.com/apis/api/compute.googleapis.com/overview?project=744873688381 then retry. If you enabled this API recently, wait a few minutes for the action to propagate to our systems and retry.","errors":[{"message":"Compute Engine API has not been used in project 744873688381 before or it is disabled. Enable it by visiting https://console.developers.google.com/apis/api/compute.googleapis.com/overview?project=744873688381 then retry. If you enabled this API recently, wait a few minutes for the action to propagate to our systems and retry.","domain":"usageLimits","reason":"accessNotConfigured","extendedHelp":"https://console.developers.google.com"}],"status":"PERMISSION_DENIED","details":[{"@type":"type.googleapis.com/google.rpc.ErrorInfo","reason":"SERVICE_DISABLED","domain":"googleapis.com","metadata":{"consumer":"projects/744873688381","containerInfo":"744873688381","serviceTitle":"Compute Engine API","service":"compute.googleapis.com","activationUrl":"https://console.developers.google.com/apis/api/compute.googleapis.com/overview?project=744873688381"}},{"@type":"type.googleapis.com/google.rpc.LocalizedMessage","locale":"en-US","message":"Compute Engine API has not been used in project 744873688381 before or it is disabled. Enable it by visiting https://console.developers.google.com/apis/api/compute.googleapis.com/overview?project=744873688381 then retry. If you enabled this API recently, wait a few minutes for the action to propagate to our systems and retry."},{"@type":"type.googleapis.com/google.rpc.Help","links":[{"description":"Google developers console API activation","url":"https://console.developers.google.com/apis/api/compute.googleapis.com/overview?project=744873688381"}]}]}}
[debug] [2026-04-07T13:34:44.976Z] unable to look up default compute service account. Falling back to 744873688381-compute@developer.gserviceaccount.com. Error: {"name":"FirebaseError","children":[],"context":{"body":{"error":{"code":403,"message":"Compute Engine API has not been used in project 744873688381 before or it is disabled. Enable it by visiting https://console.developers.google.com/apis/api/compute.googleapis.com/overview?project=744873688381 then retry. If you enabled this API recently, wait a few minutes for the action to propagate to our systems and retry.","errors":[{"message":"Compute Engine API has not been used in project 744873688381 before or it is disabled. Enable it by visiting https://console.developers.google.com/apis/api/compute.googleapis.com/overview?project=744873688381 then retry. If you enabled this API recently, wait a few minutes for the action to propagate to our systems and retry.","domain":"usageLimits","reason":"accessNotConfigured","extendedHelp":"https://console.developers.google.com"}],"status":"PERMISSION_DENIED","details":[{"@type":"type.googleapis.com/google.rpc.ErrorInfo","reason":"SERVICE_DISABLED","domain":"googleapis.com","metadata":{"consumer":"projects/744873688381","containerInfo":"744873688381","serviceTitle":"Compute Engine API","service":"compute.googleapis.com","activationUrl":"https://console.developers.google.com/apis/api/compute.googleapis.com/overview?project=744873688381"}},{"@type":"type.googleapis.com/google.rpc.LocalizedMessage","locale":"en-US","message":"Compute Engine API has not been used in project 744873688381 before or it is disabled. Enable it by visiting https://console.developers.google.com/apis/api/compute.googleapis.com/overview?project=744873688381 then retry. If you enabled this API recently, wait a few minutes for the action to propagate to our systems and retry."},{"@type":"type.googleapis.com/google.rpc.Help","links":[{"description":"Google developers console API activation","url":"https://console.developers.google.com/apis/api/compute.googleapis.com/overview?project=744873688381"}]}]}},"response":{"statusCode":403}},"exit":1,"message":"Request to https://compute.googleapis.com/compute/v1/projects/744873688381 had HTTP Error: 403, Compute Engine API has not been used in project 744873688381 before or it is disabled. Enable it by visiting https://console.developers.google.com/apis/api/compute.googleapis.com/overview?project=744873688381 then retry. If you enabled this API recently, wait a few minutes for the action to propagate to our systems and retry.","status":403}
[debug] [2026-04-07T13:34:44.977Z] Checked if tokens are valid: true, expires at: 1775572437675
[debug] [2026-04-07T13:34:44.977Z] Checked if tokens are valid: true, expires at: 1775572437675
[debug] [2026-04-07T13:34:44.978Z] >>> [apiv2][query] GET https://cloudbilling.googleapis.com/v1/projects/mahjong-club-da606/billingInfo [none]
[debug] [2026-04-07T13:34:45.176Z] <<< [apiv2][status] GET https://cloudbilling.googleapis.com/v1/projects/mahjong-club-da606/billingInfo 200
[debug] [2026-04-07T13:34:45.176Z] <<< [apiv2][body] GET https://cloudbilling.googleapis.com/v1/projects/mahjong-club-da606/billingInfo {"name":"projects/mahjong-club-da606/billingInfo","projectId":"mahjong-club-da606","billingAccountName":"billingAccounts/019D5D-D95D74-22047D","billingEnabled":true}
[debug] [2026-04-07T13:34:45.178Z] Checked if tokens are valid: true, expires at: 1775572437675
[debug] [2026-04-07T13:34:45.178Z] Checked if tokens are valid: true, expires at: 1775572437675
[debug] [2026-04-07T13:34:45.178Z] >>> [apiv2][query] POST https://cloudfunctions.googleapis.com/v2/projects/mahjong-club-da606/locations/us-central1/functions:generateUploadUrl [none]
[debug] [2026-04-07T13:34:46.440Z] <<< [apiv2][status] POST https://cloudfunctions.googleapis.com/v2/projects/mahjong-club-da606/locations/us-central1/functions:generateUploadUrl 200
[debug] [2026-04-07T13:34:46.440Z] <<< [apiv2][body] POST https://cloudfunctions.googleapis.com/v2/projects/mahjong-club-da606/locations/us-central1/functions:generateUploadUrl {"uploadUrl":"https://storage.googleapis.com/gcf-v2-uploads-744873688381.us-central1.cloudfunctions.appspot.com/c9941a83-d2ed-4ba9-add5-57542ace291f.zip?GoogleAccessId=service-744873688381@gcf-admin-robot.iam.gserviceaccount.com&Expires=1775570686&Signature=YCAh3qlH%2FXWS7lC6rpoczVglM4t1%2FQvADShhnGo3SSOLtHbD3bQYEKy3qKcuxH33M%2BYwFUjzMXd%2BD3gMgRXST7kbfQcgBIbi74xADGnoQx%2BGwmNyiRjTqszwTA9bvu4G75YIeFoB1h0Pz7XwW40BMY9eP%2FpxFmay3e73IRujTRKWJYb4tt64wt1BqVqjE%2FQ23DvsOT7PkyBz6yoljAXjg1CBas3aNqWxWRM7X9tv34FfLjZESYPeNx9W%2B%2F%2BGMFU6NlKomFuhpYoYAvlWrtP7mgRS7Zhs%2FSL1cwEx%2FNbkHzknLVMJ%2BxStI8h3JTI1gLqSLpVOe83XPYNvMAr36vsb7g%3D%3D","storageSource":{"bucket":"gcf-v2-uploads-744873688381.us-central1.cloudfunctions.appspot.com","object":"c9941a83-d2ed-4ba9-add5-57542ace291f.zip"}}
[debug] [2026-04-07T13:34:46.440Z] >>> [apiv2][query] PUT https://storage.googleapis.com/gcf-v2-uploads-744873688381.us-central1.cloudfunctions.appspot.com/c9941a83-d2ed-4ba9-add5-57542ace291f.zip GoogleAccessId=service-744873688381%40gcf-admin-robot.iam.gserviceaccount.com&Expires=1775570686&Signature=YCAh3qlH%2FXWS7lC6rpoczVglM4t1%2FQvADShhnGo3SSOLtHbD3bQYEKy3qKcuxH33M%2BYwFUjzMXd%2BD3gMgRXST7kbfQcgBIbi74xADGnoQx%2BGwmNyiRjTqszwTA9bvu4G75YIeFoB1h0Pz7XwW40BMY9eP%2FpxFmay3e73IRujTRKWJYb4tt64wt1BqVqjE%2FQ23DvsOT7PkyBz6yoljAXjg1CBas3aNqWxWRM7X9tv34FfLjZESYPeNx9W%2B%2F%2BGMFU6NlKomFuhpYoYAvlWrtP7mgRS7Zhs%2FSL1cwEx%2FNbkHzknLVMJ%2BxStI8h3JTI1gLqSLpVOe83XPYNvMAr36vsb7g%3D%3D
[debug] [2026-04-07T13:34:46.440Z] >>> [apiv2][body] PUT https://storage.googleapis.com/gcf-v2-uploads-744873688381.us-central1.cloudfunctions.appspot.com/c9941a83-d2ed-4ba9-add5-57542ace291f.zip [stream]
[debug] [2026-04-07T13:34:46.710Z] <<< [apiv2][status] PUT https://storage.googleapis.com/gcf-v2-uploads-744873688381.us-central1.cloudfunctions.appspot.com/c9941a83-d2ed-4ba9-add5-57542ace291f.zip 200
[debug] [2026-04-07T13:34:46.710Z] <<< [apiv2][body] PUT https://storage.googleapis.com/gcf-v2-uploads-744873688381.us-central1.cloudfunctions.appspot.com/c9941a83-d2ed-4ba9-add5-57542ace291f.zip [omitted]
[info] ✔  functions: functions source uploaded successfully 
[info] i  functions: creating Node.js 20 (2nd Gen) function onNewChatMessage(us-central1)... 
[info] i  functions: creating Node.js 20 (2nd Gen) function onNewGame(us-central1)... 
[debug] [2026-04-07T13:34:46.715Z] Checked if tokens are valid: true, expires at: 1775572437675
[debug] [2026-04-07T13:34:46.715Z] Checked if tokens are valid: true, expires at: 1775572437675
[debug] [2026-04-07T13:34:46.715Z] >>> [apiv2][query] POST https://cloudfunctions.googleapis.com/v2/projects/mahjong-club-da606/locations/us-central1/functions functionId=onNewChatMessage
[debug] [2026-04-07T13:34:46.715Z] >>> [apiv2][body] POST https://cloudfunctions.googleapis.com/v2/projects/mahjong-club-da606/locations/us-central1/functions {"name":"projects/mahjong-club-da606/locations/us-central1/functions/onNewChatMessage","buildConfig":{"runtime":"nodejs20","entryPoint":"onNewChatMessage","source":{"storageSource":{"bucket":"gcf-v2-uploads-744873688381.us-central1.cloudfunctions.appspot.com","object":"c9941a83-d2ed-4ba9-add5-57542ace291f.zip"}},"environmentVariables":{"GOOGLE_NODE_RUN_SCRIPTS":""}},"serviceConfig":{"environmentVariables":{"FIREBASE_CONFIG":"{\"projectId\":\"mahjong-club-da606\",\"storageBucket\":\"mahjong-club-da606.firebasestorage.app\"}","GCLOUD_PROJECT":"mahjong-club-da606","EVENTARC_CLOUD_EVENT_SOURCE":"projects/mahjong-club-da606/locations/us-central1/services/onNewChatMessage","FUNCTION_SIGNATURE_TYPE":"cloudevent","FUNCTION_TARGET":"onNewChatMessage","LOG_EXECUTION_ID":"true"},"ingressSettings":null,"timeoutSeconds":null,"serviceAccountEmail":null,"availableMemory":"256Mi","minInstanceCount":null,"maxInstanceCount":null,"maxInstanceRequestConcurrency":80,"availableCpu":"1","vpcConnector":null,"vpcConnectorEgressSettings":null,"directVpcNetworkInterface":null,"directVpcEgress":null},"labels":{"deployment-tool":"cli-firebase","firebase-functions-hash":"305cbcced7000481e31bb050d2e9af51a2c52ec6"},"eventTrigger":{"eventType":"google.cloud.firestore.document.v1.created","retryPolicy":"RETRY_POLICY_DO_NOT_RETRY","eventFilters":[{"attribute":"database","value":"(default)"},{"attribute":"namespace","value":"(default)"},{"attribute":"document","value":"groups/{groupId}/messages/{messageId}","operator":"match-path-pattern"}],"triggerRegion":"nam5"}}
[debug] [2026-04-07T13:35:03.465Z] <<< [apiv2][status] POST https://cloudfunctions.googleapis.com/v2/projects/mahjong-club-da606/locations/us-central1/functions 400
[debug] [2026-04-07T13:35:03.465Z] <<< [apiv2][body] POST https://cloudfunctions.googleapis.com/v2/projects/mahjong-club-da606/locations/us-central1/functions {"error":{"code":400,"message":"Validation failed for trigger projects/mahjong-club-da606/locations/nam5/triggers/onnewchatmessage-954894: Invalid resource state for \"\": Permission denied while using the Eventarc Service Agent. If you recently started to use Eventarc, it may take a few minutes before all necessary permissions are propagated to the Service Agent. Otherwise, verify that it has Eventarc Service Agent role.","status":"FAILED_PRECONDITION"}}
[warn] ⚠  functions: Request to https://cloudfunctions.googleapis.com/v2/projects/mahjong-club-da606/locations/us-central1/functions?functionId=onNewChatMessage had HTTP Error: 400, Validation failed for trigger projects/mahjong-club-da606/locations/nam5/triggers/onnewchatmessage-954894: Invalid resource state for "": Permission denied while using the Eventarc Service Agent. If you recently started to use Eventarc, it may take a few minutes before all necessary permissions are propagated to the Service Agent. Otherwise, verify that it has Eventarc Service Agent role. 
[warn] ⚠  functions: Since this is your first time using 2nd gen functions, we need a little bit longer to finish setting everything up. Retry the deployment in a few minutes. 
[warn] ⚠  functions:  failed to create function projects/mahjong-club-da606/locations/us-central1/functions/onNewChatMessage 
[error] Failed to create function projects/mahjong-club-da606/locations/us-central1/functions/onNewChatMessage
[debug] [2026-04-07T13:35:03.467Z] Checked if tokens are valid: true, expires at: 1775572437675
[debug] [2026-04-07T13:35:03.467Z] Checked if tokens are valid: true, expires at: 1775572437675
[debug] [2026-04-07T13:35:03.467Z] >>> [apiv2][query] POST https://cloudfunctions.googleapis.com/v2/projects/mahjong-club-da606/locations/us-central1/functions functionId=onNewGame
[debug] [2026-04-07T13:35:03.467Z] >>> [apiv2][body] POST https://cloudfunctions.googleapis.com/v2/projects/mahjong-club-da606/locations/us-central1/functions {"name":"projects/mahjong-club-da606/locations/us-central1/functions/onNewGame","buildConfig":{"runtime":"nodejs20","entryPoint":"onNewGame","source":{"storageSource":{"bucket":"gcf-v2-uploads-744873688381.us-central1.cloudfunctions.appspot.com","object":"c9941a83-d2ed-4ba9-add5-57542ace291f.zip"}},"environmentVariables":{"GOOGLE_NODE_RUN_SCRIPTS":""}},"serviceConfig":{"environmentVariables":{"FIREBASE_CONFIG":"{\"projectId\":\"mahjong-club-da606\",\"storageBucket\":\"mahjong-club-da606.firebasestorage.app\"}","GCLOUD_PROJECT":"mahjong-club-da606","EVENTARC_CLOUD_EVENT_SOURCE":"projects/mahjong-club-da606/locations/us-central1/services/onNewGame","FUNCTION_SIGNATURE_TYPE":"cloudevent","FUNCTION_TARGET":"onNewGame","LOG_EXECUTION_ID":"true"},"ingressSettings":null,"timeoutSeconds":null,"serviceAccountEmail":null,"availableMemory":"256Mi","minInstanceCount":null,"maxInstanceCount":null,"maxInstanceRequestConcurrency":80,"availableCpu":"1","vpcConnector":null,"vpcConnectorEgressSettings":null,"directVpcNetworkInterface":null,"directVpcEgress":null},"labels":{"deployment-tool":"cli-firebase","firebase-functions-hash":"305cbcced7000481e31bb050d2e9af51a2c52ec6"},"eventTrigger":{"eventType":"google.cloud.firestore.document.v1.created","retryPolicy":"RETRY_POLICY_DO_NOT_RETRY","eventFilters":[{"attribute":"database","value":"(default)"},{"attribute":"namespace","value":"(default)"},{"attribute":"document","value":"groups/{groupId}/games/{gameId}","operator":"match-path-pattern"}],"triggerRegion":"nam5"}}
[debug] [2026-04-07T13:35:18.656Z] <<< [apiv2][status] POST https://cloudfunctions.googleapis.com/v2/projects/mahjong-club-da606/locations/us-central1/functions 400
[debug] [2026-04-07T13:35:18.657Z] <<< [apiv2][body] POST https://cloudfunctions.googleapis.com/v2/projects/mahjong-club-da606/locations/us-central1/functions {"error":{"code":400,"message":"Validation failed for trigger projects/mahjong-club-da606/locations/nam5/triggers/onnewgame-366474: Invalid resource state for \"\": Permission denied while using the Eventarc Service Agent. If you recently started to use Eventarc, it may take a few minutes before all necessary permissions are propagated to the Service Agent. Otherwise, verify that it has Eventarc Service Agent role.","status":"FAILED_PRECONDITION"}}
[warn] ⚠  functions: Request to https://cloudfunctions.googleapis.com/v2/projects/mahjong-club-da606/locations/us-central1/functions?functionId=onNewGame had HTTP Error: 400, Validation failed for trigger projects/mahjong-club-da606/locations/nam5/triggers/onnewgame-366474: Invalid resource state for "": Permission denied while using the Eventarc Service Agent. If you recently started to use Eventarc, it may take a few minutes before all necessary permissions are propagated to the Service Agent. Otherwise, verify that it has Eventarc Service Agent role. 
[warn] ⚠  functions: Since this is your first time using 2nd gen functions, we need a little bit longer to finish setting everything up. Retry the deployment in a few minutes. 
[warn] ⚠  functions:  failed to create function projects/mahjong-club-da606/locations/us-central1/functions/onNewGame 
[error] Failed to create function projects/mahjong-club-da606/locations/us-central1/functions/onNewGame
[debug] [2026-04-07T13:35:18.662Z] Total Function Deployment time: 31945
[debug] [2026-04-07T13:35:18.662Z] 2 Functions Deployed
[debug] [2026-04-07T13:35:18.662Z] 2 Functions Errored
[debug] [2026-04-07T13:35:18.662Z] 0 Function Deployments Aborted
[debug] [2026-04-07T13:35:18.662Z] Average Function Deployment time: 24349
[info] 
[info] Functions deploy had errors with the following functions:
	onNewChatMessage(us-central1)
	onNewGame(us-central1)
[debug] [2026-04-07T13:35:18.757Z] Checked if tokens are valid: true, expires at: 1775572437675
[debug] [2026-04-07T13:35:18.757Z] Checked if tokens are valid: true, expires at: 1775572437675
[debug] [2026-04-07T13:35:18.757Z] >>> [apiv2][query] GET https://artifactregistry.googleapis.com/v1/projects/mahjong-club-da606/locations/us-central1/repositories/gcf-artifacts [none]
[debug] [2026-04-07T13:35:19.143Z] <<< [apiv2][status] GET https://artifactregistry.googleapis.com/v1/projects/mahjong-club-da606/locations/us-central1/repositories/gcf-artifacts 404
[debug] [2026-04-07T13:35:19.143Z] <<< [apiv2][body] GET https://artifactregistry.googleapis.com/v1/projects/mahjong-club-da606/locations/us-central1/repositories/gcf-artifacts {"error":{"code":404,"message":"Requested entity was not found.","status":"NOT_FOUND"}}
[debug] [2026-04-07T13:35:19.143Z] Failed to check artifact cleanup policy for region us-central1: Request to https://artifactregistry.googleapis.com/v1/projects/mahjong-club-da606/locations/us-central1/repositories/gcf-artifacts had HTTP Error: 404, Requested entity was not found. {"name":"FirebaseError","children":[],"context":{"body":{"error":{"code":404,"message":"Requested entity was not found.","status":"NOT_FOUND"}},"response":{"statusCode":404}},"exit":1,"message":"Request to https://artifactregistry.googleapis.com/v1/projects/mahjong-club-da606/locations/us-central1/repositories/gcf-artifacts had HTTP Error: 404, Requested entity was not found.","status":404}
[debug] [2026-04-07T13:35:19.143Z] Functions deploy failed.
[debug] [2026-04-07T13:35:19.143Z] {
  "endpoint": {
    "id": "onNewChatMessage",
    "project": "mahjong-club-da606",
    "region": "us-central1",
    "entryPoint": "onNewChatMessage",
    "platform": "gcfv2",
    "runtime": "nodejs20",
    "eventTrigger": {
      "eventType": "google.cloud.firestore.document.v1.created",
      "retry": false,
      "eventFilters": {
        "database": "(default)",
        "namespace": "(default)"
      },
      "eventFilterPathPatterns": {
        "document": "groups/{groupId}/messages/{messageId}"
      },
      "region": "nam5"
    },
    "labels": {
      "deployment-tool": "cli-firebase"
    },
    "serviceAccount": null,
    "ingressSettings": null,
    "availableMemoryMb": null,
    "timeoutSeconds": null,
    "maxInstances": null,
    "minInstances": null,
    "concurrency": 80,
    "vpc": null,
    "environmentVariables": {
      "FIREBASE_CONFIG": "{\"projectId\":\"mahjong-club-da606\",\"storageBucket\":\"mahjong-club-da606.firebasestorage.app\"}",
      "GCLOUD_PROJECT": "mahjong-club-da606",
      "EVENTARC_CLOUD_EVENT_SOURCE": "projects/mahjong-club-da606/locations/us-central1/services/onNewChatMessage"
    },
    "codebase": "default",
    "cpu": 1,
    "targetedByOnly": false,
    "hash": "305cbcced7000481e31bb050d2e9af51a2c52ec6"
  },
  "op": "create",
  "original": {
    "name": "FirebaseError",
    "children": [],
    "context": {
      "function": "projects/mahjong-club-da606/locations/us-central1/functions/onNewChatMessage"
    },
    "exit": 1,
    "message": "Failed to create function projects/mahjong-club-da606/locations/us-central1/functions/onNewChatMessage",
    "original": {
      "name": "FirebaseError",
      "children": [],
      "context": {
        "body": {
          "error": {
            "code": 400,
            "message": "Validation failed for trigger projects/mahjong-club-da606/locations/nam5/triggers/onnewchatmessage-954894: Invalid resource state for \"\": Permission denied while using the Eventarc Service Agent. If you recently started to use Eventarc, it may take a few minutes before all necessary permissions are propagated to the Service Agent. Otherwise, verify that it has Eventarc Service Agent role.",
            "status": "FAILED_PRECONDITION"
          }
        },
        "response": {
          "statusCode": 400
        }
      },
      "exit": 1,
      "message": "Request to https://cloudfunctions.googleapis.com/v2/projects/mahjong-club-da606/locations/us-central1/functions?functionId=onNewChatMessage had HTTP Error: 400, Validation failed for trigger projects/mahjong-club-da606/locations/nam5/triggers/onnewchatmessage-954894: Invalid resource state for \"\": Permission denied while using the Eventarc Service Agent. If you recently started to use Eventarc, it may take a few minutes before all necessary permissions are propagated to the Service Agent. Otherwise, verify that it has Eventarc Service Agent role.",
      "status": 400
    },
    "status": 400,
    "code": 400
  }
}
[debug] [2026-04-07T13:35:19.144Z] {
  "endpoint": {
    "id": "onNewGame",
    "project": "mahjong-club-da606",
    "region": "us-central1",
    "entryPoint": "onNewGame",
    "platform": "gcfv2",
    "runtime": "nodejs20",
    "eventTrigger": {
      "eventType": "google.cloud.firestore.document.v1.created",
      "retry": false,
      "eventFilters": {
        "database": "(default)",
        "namespace": "(default)"
      },
      "eventFilterPathPatterns": {
        "document": "groups/{groupId}/games/{gameId}"
      },
      "region": "nam5"
    },
    "labels": {
      "deployment-tool": "cli-firebase"
    },
    "serviceAccount": null,
    "ingressSettings": null,
    "availableMemoryMb": null,
    "timeoutSeconds": null,
    "maxInstances": null,
    "minInstances": null,
    "concurrency": 80,
    "vpc": null,
    "environmentVariables": {
      "FIREBASE_CONFIG": "{\"projectId\":\"mahjong-club-da606\",\"storageBucket\":\"mahjong-club-da606.firebasestorage.app\"}",
      "GCLOUD_PROJECT": "mahjong-club-da606",
      "EVENTARC_CLOUD_EVENT_SOURCE": "projects/mahjong-club-da606/locations/us-central1/services/onNewGame"
    },
    "codebase": "default",
    "cpu": 1,
    "targetedByOnly": false,
    "hash": "305cbcced7000481e31bb050d2e9af51a2c52ec6"
  },
  "op": "create",
  "original": {
    "name": "FirebaseError",
    "children": [],
    "context": {
      "function": "projects/mahjong-club-da606/locations/us-central1/functions/onNewGame"
    },
    "exit": 1,
    "message": "Failed to create function projects/mahjong-club-da606/locations/us-central1/functions/onNewGame",
    "original": {
      "name": "FirebaseError",
      "children": [],
      "context": {
        "body": {
          "error": {
            "code": 400,
            "message": "Validation failed for trigger projects/mahjong-club-da606/locations/nam5/triggers/onnewgame-366474: Invalid resource state for \"\": Permission denied while using the Eventarc Service Agent. If you recently started to use Eventarc, it may take a few minutes before all necessary permissions are propagated to the Service Agent. Otherwise, verify that it has Eventarc Service Agent role.",
            "status": "FAILED_PRECONDITION"
          }
        },
        "response": {
          "statusCode": 400
        }
      },
      "exit": 1,
      "message": "Request to https://cloudfunctions.googleapis.com/v2/projects/mahjong-club-da606/locations/us-central1/functions?functionId=onNewGame had HTTP Error: 400, Validation failed for trigger projects/mahjong-club-da606/locations/nam5/triggers/onnewgame-366474: Invalid resource state for \"\": Permission denied while using the Eventarc Service Agent. If you recently started to use Eventarc, it may take a few minutes before all necessary permissions are propagated to the Service Agent. Otherwise, verify that it has Eventarc Service Agent role.",
      "status": 400
    },
    "status": 400,
    "code": 400
  }
}
[error] Error: There was an error deploying functions:
[error] - Error Failed to create function onNewChatMessage in region us-central1
[error] - Error Failed to create function onNewGame in region us-central1
